build/app/intermediates/manifest_merge_blame_file/debug/manifest-merger-blame-debug-report.txt
1<?xml version="1.0" encoding="utf-8"?>
2<manifest xmlns:android="http://schemas.android.com/apk/res/android"
3    package="com.smartapaga.smartapaga"
4    android:versionCode="6"
5    android:versionName="1.0.0" >
6
7    <uses-sdk
8        android:minSdkVersion="21"
9        android:targetSdkVersion="31" />
10    <!--
11         Flutter needs it to communicate with the running application
12         to allow setting breakpoints, to provide hot reload, etc.
13    -->
14    <uses-permission android:name="android.permission.INTERNET" />
14-->src/main/AndroidManifest.xml:3:5-66
14-->src/main/AndroidManifest.xml:3:22-64
15    <!--
16     io.flutter.app.FlutterApplication is an android.app.Application that
17         calls FlutterMain.startInitialization(this); in its onCreate method.
18         In most cases you can leave this as-is, but you if you want to provide
19         additional functionality it is fine to subclass or reimplement
20         FlutterApplication and put your custom class here.
21    -->
22    <!--
23 Don't delete the meta-data below.
24          This is used by the Flutter tool to generate GeneratedPluginRegistrant.java
25    -->
26    <queries>
26-->src/main/AndroidManifest.xml:12:11-28:16
27
28        <!-- If your app opens https URLs -->
29        <intent>
29-->src/main/AndroidManifest.xml:14:9-17:18
30            <action android:name="android.intent.action.VIEW" />
30-->src/main/AndroidManifest.xml:15:13-65
30-->src/main/AndroidManifest.xml:15:21-62
31
32            <data android:scheme="https" />
32-->src/main/AndroidManifest.xml:16:13-44
32-->src/main/AndroidManifest.xml:16:19-41
33        </intent>
34        <!-- If your app makes calls -->
35        <intent>
35-->src/main/AndroidManifest.xml:19:9-22:18
36            <action android:name="android.intent.action.DIAL" />
36-->src/main/AndroidManifest.xml:20:13-65
36-->src/main/AndroidManifest.xml:20:21-62
37
38            <data android:scheme="tel" />
38-->src/main/AndroidManifest.xml:16:13-44
38-->src/main/AndroidManifest.xml:16:19-41
39        </intent>
40        <!-- If your app emails -->
41        <intent>
41-->src/main/AndroidManifest.xml:24:9-27:18
42            <action android:name="android.intent.action.SEND" />
42-->src/main/AndroidManifest.xml:25:13-65
42-->src/main/AndroidManifest.xml:25:21-62
43
44            <data android:mimeType="*/*" />
44-->src/main/AndroidManifest.xml:16:13-44
45        </intent>
46    </queries> <!-- Include required permissions for Google Maps API to run. -->
47    <uses-permission android:name="android.permission.ACCESS_NETWORK_STATE" />
47-->[com.google.android.gms:play-services-maps:17.0.0] AndroidManifest.xml:23:5-79
47-->[com.google.android.gms:play-services-maps:17.0.0] AndroidManifest.xml:23:22-76
48
49    <uses-feature
49-->[com.google.android.gms:play-services-maps:17.0.0] AndroidManifest.xml:26:5-28:35
50        android:glEsVersion="0x00020000"
50-->[com.google.android.gms:play-services-maps:17.0.0] AndroidManifest.xml:27:9-41
51        android:required="true" />
51-->[com.google.android.gms:play-services-maps:17.0.0] AndroidManifest.xml:28:9-32
52
53    <uses-permission android:name="android.permission.CAMERA" /> <!-- Don't require camera, as this requires a rear camera. This allows it to work on the Nexus 7 -->
53-->[com.journeyapps:zxing-android-embedded:4.1.0] AndroidManifest.xml:22:5-65
53-->[com.journeyapps:zxing-android-embedded:4.1.0] AndroidManifest.xml:22:22-62
54    <uses-feature
54-->[com.journeyapps:zxing-android-embedded:4.1.0] AndroidManifest.xml:25:5-27:36
55        android:name="android.hardware.camera"
55-->[com.journeyapps:zxing-android-embedded:4.1.0] AndroidManifest.xml:26:9-47
56        android:required="false" />
56-->[com.journeyapps:zxing-android-embedded:4.1.0] AndroidManifest.xml:27:9-33
57    <uses-feature
57-->[com.journeyapps:zxing-android-embedded:4.1.0] AndroidManifest.xml:28:5-30:36
58        android:name="android.hardware.camera.front"
58-->[com.journeyapps:zxing-android-embedded:4.1.0] AndroidManifest.xml:29:9-53
59        android:required="false" /> <!-- TODO replace above two with next line after Android 4.2 -->
59-->[com.journeyapps:zxing-android-embedded:4.1.0] AndroidManifest.xml:30:9-33
60    <!-- <uses-feature android:name="android.hardware.camera.any"/> -->
61    <uses-feature
61-->[com.journeyapps:zxing-android-embedded:4.1.0] AndroidManifest.xml:33:5-35:36
62        android:name="android.hardware.camera.autofocus"
62-->[com.journeyapps:zxing-android-embedded:4.1.0] AndroidManifest.xml:34:9-57
63        android:required="false" />
63-->[com.journeyapps:zxing-android-embedded:4.1.0] AndroidManifest.xml:35:9-33
64    <uses-feature
64-->[com.journeyapps:zxing-android-embedded:4.1.0] AndroidManifest.xml:36:5-38:36
65        android:name="android.hardware.camera.flash"
65-->[com.journeyapps:zxing-android-embedded:4.1.0] AndroidManifest.xml:37:9-53
66        android:required="false" />
66-->[com.journeyapps:zxing-android-embedded:4.1.0] AndroidManifest.xml:38:9-33
67    <uses-feature
67-->[com.journeyapps:zxing-android-embedded:4.1.0] AndroidManifest.xml:39:5-41:36
68        android:name="android.hardware.screen.landscape"
68-->[com.journeyapps:zxing-android-embedded:4.1.0] AndroidManifest.xml:40:9-57
69        android:required="false" />
69-->[com.journeyapps:zxing-android-embedded:4.1.0] AndroidManifest.xml:41:9-33
70    <uses-feature
70-->[com.journeyapps:zxing-android-embedded:4.1.0] AndroidManifest.xml:42:5-44:36
71        android:name="android.hardware.wifi"
71-->[com.journeyapps:zxing-android-embedded:4.1.0] AndroidManifest.xml:43:9-45
72        android:required="false" />
72-->[com.journeyapps:zxing-android-embedded:4.1.0] AndroidManifest.xml:44:9-33
73
74    <application
74-->src/main/AndroidManifest.xml:29:5-82:19
75        android:appComponentFactory="androidx.core.app.CoreComponentFactory"
75-->[androidx.core:core:1.6.0] AndroidManifest.xml:24:18-86
76        android:debuggable="true"
77        android:icon="@mipmap/ic_launcher"
77-->src/main/AndroidManifest.xml:32:9-43
78        android:label="SmartApaga" >
78-->src/main/AndroidManifest.xml:31:9-35
79
80        <!-- Google Map -->
81        <meta-data
81-->src/main/AndroidManifest.xml:34:9-155
82            android:name="com.google.android.geo.AIzaSyA3y-opp4CE64QCu4HDOQcbCVzuNtSIvpQ"
82-->src/main/AndroidManifest.xml:34:20-97
83            android:value="AIzaSyA3y-opp4CE64QCu4HDOQcbCVzuNtSIvpQ" />
83-->src/main/AndroidManifest.xml:34:98-153
84
85        <activity
85-->src/main/AndroidManifest.xml:35:9-68:20
86            android:name="com.example.smart_apaga.MainActivity"
86-->src/main/AndroidManifest.xml:36:13-41
87            android:configChanges="orientation|keyboardHidden|keyboard|screenSize|smallestScreenSize|locale|layoutDirection|fontScale|screenLayout|density|uiMode"
87-->src/main/AndroidManifest.xml:40:13-163
88            android:exported="true"
88-->src/main/AndroidManifest.xml:41:13-38
89            android:hardwareAccelerated="true"
89-->src/main/AndroidManifest.xml:43:13-47
90            android:launchMode="singleTop"
90-->src/main/AndroidManifest.xml:37:13-43
91            android:theme="@style/LaunchTheme"
91-->src/main/AndroidManifest.xml:39:13-47
92            android:windowSoftInputMode="adjustResize" >
92-->src/main/AndroidManifest.xml:44:13-55
93
94            <!--
95                 Specifies an Android theme to apply to this Activity as soon as
96                 the Android process has started. This theme is visible to the user
97                 while the Flutter UI initializes. After that, this theme continues
98                 to determine the Window background behind the Flutter UI.
99            -->
100            <meta-data
100-->src/main/AndroidManifest.xml:49:13-52:19
101                android:name="io.flutter.embedding.android.NormalTheme"
101-->src/main/AndroidManifest.xml:50:17-72
102                android:resource="@style/NormalTheme" />
102-->src/main/AndroidManifest.xml:51:17-54
103            <!--
104                 Displays an Android View that continues showing the launch screen
105                 Drawable until Flutter paints its first frame, then this splash
106                 screen fades out. A splash screen is useful to avoid any visual
107                 gap between the end of Android's launch screen and the painting of
108                 Flutter's first frame.
109            -->
110            <meta-data
110-->src/main/AndroidManifest.xml:58:13-61:17
111                android:name="io.flutter.embedding.android.SplashScreenDrawable"
111-->src/main/AndroidManifest.xml:59:15-79
112                android:resource="@drawable/launch_background" />
112-->src/main/AndroidManifest.xml:60:15-61
113
114            <intent-filter>
114-->src/main/AndroidManifest.xml:63:13-66:29
115                <action android:name="android.intent.action.MAIN" />
115-->src/main/AndroidManifest.xml:64:17-68
115-->src/main/AndroidManifest.xml:64:25-66
116
117                <category android:name="android.intent.category.LAUNCHER" />
117-->src/main/AndroidManifest.xml:65:17-76
117-->src/main/AndroidManifest.xml:65:27-74
118            </intent-filter>
119        </activity>
120
121        <meta-data
121-->src/main/AndroidManifest.xml:70:9-73:15
122            android:name="com.google.android.maps.v2.API_KEY"
122-->src/main/AndroidManifest.xml:71:13-62
123            android:value="AIzaSyA3y-opp4CE64QCu4HDOQcbCVzuNtSIvpQ" />
123-->src/main/AndroidManifest.xml:72:13-68
124        <meta-data
124-->src/main/AndroidManifest.xml:75:9-78:15
125            android:name="flutterEmbedding"
125-->src/main/AndroidManifest.xml:76:13-44
126            android:value="2" />
126-->src/main/AndroidManifest.xml:77:13-30
127        <!--
128             <meta-data
129              android:name="flutterEmbedding"
130              android:value="2" />
131        -->
132        <activity
132-->[:url_launcher] AndroidManifest.xml:8:9-11:74
133            android:name="io.flutter.plugins.urllauncher.WebViewActivity"
133-->[:url_launcher] AndroidManifest.xml:9:13-74
134            android:exported="false"
134-->[:url_launcher] AndroidManifest.xml:10:13-37
135            android:theme="@android:style/Theme.NoTitleBar.Fullscreen" />
135-->[:url_launcher] AndroidManifest.xml:11:13-71
136
137        <uses-library
137-->[androidx.window:window:1.0.0-beta04] AndroidManifest.xml:25:9-27:40
138            android:name="androidx.window.extensions"
138-->[androidx.window:window:1.0.0-beta04] AndroidManifest.xml:26:13-54
139            android:required="false" />
139-->[androidx.window:window:1.0.0-beta04] AndroidManifest.xml:27:13-37
140        <uses-library
140-->[androidx.window:window:1.0.0-beta04] AndroidManifest.xml:28:9-30:40
141            android:name="androidx.window.sidecar"
141-->[androidx.window:window:1.0.0-beta04] AndroidManifest.xml:29:13-51
142            android:required="false" /> <!-- Needs to be explicitly declared on P+ -->
142-->[androidx.window:window:1.0.0-beta04] AndroidManifest.xml:30:13-37
143        <uses-library
143-->[com.google.android.gms:play-services-maps:17.0.0] AndroidManifest.xml:33:9-35:40
144            android:name="org.apache.http.legacy"
144-->[com.google.android.gms:play-services-maps:17.0.0] AndroidManifest.xml:34:13-50
145            android:required="false" />
145-->[com.google.android.gms:play-services-maps:17.0.0] AndroidManifest.xml:35:13-37
146
147        <activity
147-->[com.google.android.gms:play-services-base:17.0.0] AndroidManifest.xml:23:9-26:75
148            android:name="com.google.android.gms.common.api.GoogleApiActivity"
148-->[com.google.android.gms:play-services-base:17.0.0] AndroidManifest.xml:24:13-79
149            android:exported="false"
149-->[com.google.android.gms:play-services-base:17.0.0] AndroidManifest.xml:25:13-37
150            android:theme="@android:style/Theme.Translucent.NoTitleBar" />
150-->[com.google.android.gms:play-services-base:17.0.0] AndroidManifest.xml:26:13-72
151
152        <meta-data
152-->[com.google.android.gms:play-services-basement:17.0.0] AndroidManifest.xml:23:9-25:69
153            android:name="com.google.android.gms.version"
153-->[com.google.android.gms:play-services-basement:17.0.0] AndroidManifest.xml:24:13-58
154            android:value="@integer/google_play_services_version" />
154-->[com.google.android.gms:play-services-basement:17.0.0] AndroidManifest.xml:25:13-66
155
156        <activity
156-->[com.journeyapps:zxing-android-embedded:4.1.0] AndroidManifest.xml:47:9-53:63
157            android:name="com.journeyapps.barcodescanner.CaptureActivity"
157-->[com.journeyapps:zxing-android-embedded:4.1.0] AndroidManifest.xml:48:13-74
158            android:clearTaskOnLaunch="true"
158-->[com.journeyapps:zxing-android-embedded:4.1.0] AndroidManifest.xml:49:13-45
159            android:screenOrientation="sensorLandscape"
159-->[com.journeyapps:zxing-android-embedded:4.1.0] AndroidManifest.xml:50:13-56
160            android:stateNotNeeded="true"
160-->[com.journeyapps:zxing-android-embedded:4.1.0] AndroidManifest.xml:51:13-42
161            android:theme="@style/zxing_CaptureTheme"
161-->[com.journeyapps:zxing-android-embedded:4.1.0] AndroidManifest.xml:52:13-54
162            android:windowSoftInputMode="stateAlwaysHidden" />
162-->[com.journeyapps:zxing-android-embedded:4.1.0] AndroidManifest.xml:53:13-60
163    </application>
164
165</manifest>